================================Erreur de script================================
Message :
(eval):1: syntax error, unexpected end-of-input

Type : SyntaxError
Script : 00600 Script_RMXP/02600 Interpreter_3.rb (PSDK)
Ligne : 206
Date : 09/06/2023 16:35:55
Game Version : 256
Logiciel : Pokémon SDK 26.12
===================================Backtraces===================================
[24] : 00600 Script_RMXP/02600 Interpreter_3.rb (PSDK) | ligne 206 eval
[23] : 00600 Script_RMXP/02600 Interpreter_3.rb (PSDK) | ligne 206 eval_condition_script
[22] : 00600 Script_RMXP/02600 Interpreter_3.rb (PSDK) | ligne 187 command_111
[21] : 00600 Script_RMXP/02500 Interpreter_2.rb (PSDK) | ligne 16 execute_command
[20] : 00600 Script_RMXP/02400 Interpreter_1.rb (PSDK) | ligne 132 update
[19] : 00600 Script_RMXP/02400 Interpreter_1.rb (PSDK) | ligne 100 loop
[18] : 00600 Script_RMXP/02400 Interpreter_1.rb (PSDK) | ligne 100 update
[17] : 01450 Systems/00003 Map Engine/00003 GamePlay/00200 Scene_Map.rb (PSDK) | ligne 171 auto_transfert_update
[16] : 01450 Systems/00003 Map Engine/00003 GamePlay/00200 Scene_Map.rb (PSDK) | ligne 168 loop
[15] : 01450 Systems/00003 Map Engine/00003 GamePlay/00200 Scene_Map.rb (PSDK) | ligne 168 auto_transfert_update
[14] : 01450 Systems/00003 Map Engine/00003 GamePlay/00200 Scene_Map.rb (PSDK) | ligne 21 update
[13] : 00700 Ajout_PSDK/00002 FPSBalancer.rb (PSDK) | ligne 44 times
[12] : 00700 Ajout_PSDK/00002 FPSBalancer.rb (PSDK) | ligne 44 run
[11] : 01450 Systems/00003 Map Engine/00003 GamePlay/00200 Scene_Map.rb (PSDK) | ligne 21 update
[10] : 01450 Systems/00000 General/00003 GamePlay__Base/00000 GamePlay__Base.rb (PSDK) | ligne 260 main_process
[9] : 01450 Systems/00000 General/00003 GamePlay__Base/00000 GamePlay__Base.rb (PSDK) | ligne 153 main
[8] : tools/GameLoader/Z_main.rb (PSDK) | ligne 17 <top (required)>
[7] : tools/GameLoader/3_load_extensions.rb (PSDK) | ligne 54 rgss_main
[6] : tools/GameLoader/50_load_game_uncompiled.rb (PSDK) | ligne 45 <top (required)>
[5] : ScriptLoad.rb (PSDK) | ligne 190 require
[4] : ScriptLoad.rb (PSDK) | ligne 190 load_tool
[3] : tools/GameLoader/Z_load_uncompiled.rb (PSDK) | ligne 14 <top (required)>
[2] : ScriptLoad.rb (PSDK) | ligne 190 require
[1] : ScriptLoad.rb (PSDK) | ligne 190 load_tool
[0] : Game.rb (RMXP) | ligne 11 <main>
===================================Fin du log===================================